iterations: 50000
Environment:
	FPA(7, 20) with noise std. 0.04
Values [0.7  0.75 0.8  0.85 0.9  0.9  0.95]
Player0:
	EXP3
gamma=0.04895493661361633
action_prob=[0.06 0.04 0.09 0.05 0.04 0.06 0.06 0.08 0.05 0.06 0.07 0.1  0.09 0.06
 0.05 0.04 0.01 0.   0.   0.  ]

Player1:
	EXP3
gamma=0.04895493661361633
action_prob=[0.05 0.06 0.05 0.04 0.05 0.05 0.04 0.04 0.07 0.06 0.04 0.08 0.15 0.05
 0.09 0.05 0.01 0.   0.   0.  ]

Player2:
	EXP3
gamma=0.04895493661361633
action_prob=[0.05 0.03 0.07 0.04 0.04 0.04 0.05 0.07 0.03 0.05 0.06 0.05 0.05 0.11
 0.09 0.13 0.03 0.   0.   0.  ]

Player3:
	EXP3
gamma=0.04895493661361633
action_prob=[0.03 0.05 0.03 0.03 0.02 0.04 0.03 0.03 0.03 0.03 0.04 0.03 0.06 0.06
 0.2  0.14 0.1  0.03 0.   0.  ]

Player4:
	EXP3
gamma=0.04895493661361633
action_prob=[0.   0.01 0.01 0.01 0.01 0.01 0.   0.01 0.01 0.01 0.01 0.01 0.01 0.01
 0.01 0.05 0.12 0.71 0.   0.  ]

Player5:
	EXP3
gamma=0.04895493661361633
action_prob=[0.   0.   0.   0.   0.   0.   0.   0.   0.   0.   0.   0.   0.   0.01
 0.01 0.03 0.07 0.83 0.   0.  ]

Player6:
	EXP3
gamma=0.04895493661361633
action_prob=[0.   0.   0.   0.   0.   0.   0.   0.   0.   0.   0.   0.   0.   0.
 0.   0.   0.01 0.93 0.02 0.  ]

iterations: 50000
Environment:
	FPA(7, 20) with noise std. 0.04
Values [0.7  0.75 0.8  0.85 0.9  0.9  0.95]
Player0:
	EXP3
gamma=0.04895493661361633
action_prob=[0.07 0.07 0.06 0.06 0.06 0.05 0.05 0.08 0.08 0.05 0.06 0.09 0.06 0.07
 0.06 0.02 0.   0.   0.   0.  ]

Player1:
	EXP3
gamma=0.04895493661361633
action_prob=[0.05 0.05 0.07 0.06 0.06 0.05 0.05 0.07 0.04 0.05 0.05 0.1  0.07 0.09
 0.08 0.06 0.01 0.   0.   0.  ]

Player2:
	EXP3
gamma=0.04895493661361633
action_prob=[0.03 0.03 0.05 0.06 0.07 0.03 0.05 0.04 0.07 0.05 0.12 0.06 0.05 0.08
 0.08 0.1  0.04 0.   0.   0.  ]

Player3:
	EXP3
gamma=0.04895493661361633
action_prob=[0.04 0.02 0.04 0.03 0.04 0.03 0.02 0.02 0.04 0.04 0.02 0.03 0.04 0.05
 0.14 0.21 0.16 0.03 0.   0.  ]

Player4:
	EXP3
gamma=0.04895493661361633
action_prob=[0.   0.   0.01 0.   0.   0.   0.   0.   0.   0.   0.01 0.01 0.   0.01
 0.01 0.02 0.1  0.8  0.   0.  ]

Player5:
	EXP3
gamma=0.04895493661361633
action_prob=[0.01 0.   0.01 0.01 0.01 0.01 0.01 0.01 0.01 0.   0.01 0.01 0.01 0.01
 0.01 0.05 0.1  0.73 0.01 0.  ]

Player6:
	EXP3
gamma=0.04895493661361633
action_prob=[0.   0.   0.   0.   0.   0.   0.   0.   0.   0.   0.   0.   0.   0.
 0.   0.   0.01 0.92 0.02 0.  ]

