iterations: 10000000
Environment:
	FPA(4, 20) with noise std. 0.04
Values [0.85 0.9  0.9  0.95]
Player0:
	EXP3-DH
beta=40
b=0.2
action_prob=[0.   0.   0.   0.   0.   0.   0.   0.   0.   0.   0.   0.   0.   0.
 0.96 0.   0.   0.   0.   0.  ]

Player1:
	EXP3-DH
beta=40
b=0.2
action_prob=[0.   0.   0.   0.   0.   0.   0.   0.   0.   0.   0.   0.   0.   0.
 0.96 0.   0.   0.   0.   0.  ]

Player2:
	EXP3-DH
beta=40
b=0.2
action_prob=[0.   0.   0.   0.   0.   0.   0.   0.   0.   0.   0.   0.   0.   0.
 0.96 0.   0.   0.   0.   0.  ]

Player3:
	EXP3-DH
beta=40
b=0.2
action_prob=[0.   0.   0.   0.   0.   0.   0.   0.   0.   0.   0.   0.   0.   0.
 0.   0.96 0.   0.   0.   0.  ]

iterations: 10000000
Environment:
	FPA(4, 20) with noise std. 0.04
Values [0.85 0.9  0.9  0.95]
iterations: 10000000
Environment:
	FPA(4, 20) with noise std. 0.04
Values [0.85 0.9  0.9  0.95]
Player0:
	EXP3-DH
beta=40
b=0.2
action_prob=[0.09 0.   0.   0.   0.   0.   0.88 0.   0.   0.   0.   0.   0.   0.
 0.   0.   0.   0.   0.   0.  ]

Player1:
	EXP3-DH
beta=40
b=0.2
action_prob=[0.   0.   0.   0.   0.   0.   0.   0.   0.   0.   0.   0.   0.   0.
 0.   0.   0.   0.96 0.   0.  ]

Player2:
	EXP3-DH
beta=40
b=0.2
action_prob=[0.   0.   0.57 0.   0.   0.   0.   0.   0.   0.   0.   0.   0.   0.
 0.   0.37 0.   0.02 0.   0.  ]

Player3:
	EXP3-DH
beta=40
b=0.2
action_prob=[0.   0.   0.   0.   0.   0.   0.   0.   0.   0.   0.   0.   0.   0.
 0.   0.   0.   0.   0.96 0.  ]

