iterations: 10000000
Environment:
	FPA(4, 20) with noise std. 0.04
Values [0.85 0.9  0.9  0.95]
Player0:
	MWU
action_prob=[1.00e+00 1.58e-05 1.58e-05 1.58e-05 1.58e-05 1.58e-05 1.58e-05 1.58e-05
 1.58e-05 1.58e-05 1.58e-05 1.58e-05 1.58e-05 1.58e-05 1.58e-05 1.58e-05
 1.58e-05 1.58e-05 1.58e-05 1.58e-05]

Player1:
	MWU
action_prob=[1.69e-05 1.58e-05 1.58e-05 1.58e-05 1.58e-05 1.58e-05 1.58e-05 1.58e-05
 1.58e-05 1.58e-05 1.58e-05 1.58e-05 1.58e-05 1.58e-05 1.58e-05 1.58e-05
 1.00e+00 1.58e-05 1.58e-05 1.58e-05]

Player2:
	MWU
action_prob=[1.58e-05 1.58e-05 1.58e-05 1.58e-05 1.58e-05 1.58e-05 1.58e-05 1.58e-05
 1.58e-05 1.58e-05 1.58e-05 1.58e-05 1.58e-05 1.58e-05 1.58e-05 1.58e-05
 1.00e+00 1.58e-05 1.58e-05 1.58e-05]

Player3:
	MWU
action_prob=[1.58e-05 1.58e-05 1.58e-05 1.58e-05 1.58e-05 1.58e-05 1.58e-05 1.58e-05
 1.58e-05 1.58e-05 1.58e-05 1.58e-05 1.58e-05 1.58e-05 1.58e-05 1.58e-05
 1.00e+00 1.59e-05 1.58e-05 1.58e-05]

iterations: 10000000
Environment:
	FPA(4, 20) with noise std. 0.04
Values [0.85 0.9  0.9  0.95]
iterations: 10000000
Environment:
	FPA(4, 20) with noise std. 0.04
Values [0.85 0.9  0.9  0.95]
Player0:
	MWU
action_prob=[4.85e-02 5.79e-02 5.79e-02 5.72e-02 7.42e-02 5.66e-02 5.24e-02 5.30e-02
 3.60e-02 4.04e-02 8.36e-02 4.76e-02 5.81e-02 7.10e-02 5.02e-02 5.66e-02
 5.20e-02 4.67e-02 1.58e-05 1.58e-05]

Player1:
	MWU
action_prob=[2.32e-02 3.33e-02 1.73e-02 6.47e-03 1.28e-02 1.98e-02 1.83e-02 2.93e-02
 2.66e-02 3.04e-02 2.88e-02 2.89e-02 1.89e-02 1.41e-02 1.67e-02 3.54e-02
 2.02e-02 5.93e-01 2.69e-02 1.58e-05]

Player2:
	MWU
action_prob=[1.35e-02 2.38e-02 9.01e-03 1.23e-02 1.93e-02 1.29e-02 2.23e-02 1.67e-02
 3.24e-02 2.16e-02 2.23e-02 2.02e-02 1.32e-02 3.07e-02 2.67e-02 2.22e-02
 2.44e-02 6.33e-01 2.33e-02 1.58e-05]

Player3:
	MWU
action_prob=[1.58e-05 1.58e-05 1.58e-05 1.58e-05 1.58e-05 1.58e-05 1.58e-05 1.58e-05
 1.58e-05 1.58e-05 1.58e-05 1.58e-05 1.58e-05 1.58e-05 1.58e-05 1.58e-05
 1.58e-05 3.08e-02 9.69e-01 1.58e-05]

